2014/02/08 14:04:38 [error] [exception.CHttpException.404] exception 'CHttpException' with message 'The system is unable to find the requested action "index".' in /var/www/rfw/site/framework/web/CController.php:483
Stack trace:
#0 /var/www/rfw/site/framework/web/CController.php(270): CController->missingAction('')
#1 /var/www/rfw/site/framework/web/CWebApplication.php(282): CController->run('')
#2 /var/www/rfw/site/framework/web/CWebApplication.php(141): CWebApplication->runController('')
#3 /var/www/rfw/site/framework/base/CApplication.php(180): CWebApplication->processRequest()
#4 /var/www/rfw/site/public/blog/index.php(11): CApplication->run()
#5 {main}
REQUEST_URI=/
---
2014/02/08 14:05:44 [error] [exception.CHttpException.404] exception 'CHttpException' with message 'The system is unable to find the requested action "index".' in /var/www/rfw/site/framework/web/CController.php:483
Stack trace:
#0 /var/www/rfw/site/framework/web/CController.php(270): CController->missingAction('')
#1 /var/www/rfw/site/framework/web/CWebApplication.php(282): CController->run('')
#2 /var/www/rfw/site/framework/web/CWebApplication.php(141): CWebApplication->runController('')
#3 /var/www/rfw/site/framework/base/CApplication.php(180): CWebApplication->processRequest()
#4 /var/www/rfw/site/public/blog/index.php(11): CApplication->run()
#5 {main}
REQUEST_URI=/
---
2014/02/08 14:06:13 [error] [exception.CHttpException.404] exception 'CHttpException' with message 'The system is unable to find the requested action "index".' in /var/www/rfw/site/framework/web/CController.php:483
Stack trace:
#0 /var/www/rfw/site/framework/web/CController.php(270): CController->missingAction('')
#1 /var/www/rfw/site/framework/web/CWebApplication.php(282): CController->run('')
#2 /var/www/rfw/site/framework/web/CWebApplication.php(141): CWebApplication->runController('')
#3 /var/www/rfw/site/framework/base/CApplication.php(180): CWebApplication->processRequest()
#4 /var/www/rfw/site/public/blog/index.php(11): CApplication->run()
#5 {main}
REQUEST_URI=/
---
2014/02/08 14:06:32 [error] [exception.CHttpException.404] exception 'CHttpException' with message 'The system is unable to find the requested action "index".' in /var/www/rfw/site/framework/web/CController.php:483
Stack trace:
#0 /var/www/rfw/site/framework/web/CController.php(270): CController->missingAction('')
#1 /var/www/rfw/site/framework/web/CWebApplication.php(282): CController->run('')
#2 /var/www/rfw/site/framework/web/CWebApplication.php(141): CWebApplication->runController('')
#3 /var/www/rfw/site/framework/base/CApplication.php(180): CWebApplication->processRequest()
#4 /var/www/rfw/site/public/blog/index.php(11): CApplication->run()
#5 {main}
REQUEST_URI=/
---
2014/02/08 14:09:21 [error] [exception.CHttpException.404] exception 'CHttpException' with message 'Unable to resolve the request "site".' in /var/www/rfw/site/framework/web/CWebApplication.php:286
Stack trace:
#0 /var/www/rfw/site/framework/web/CWebApplication.php(141): CWebApplication->runController('')
#1 /var/www/rfw/site/framework/base/CApplication.php(180): CWebApplication->processRequest()
#2 /var/www/rfw/site/public/blog/index.php(11): CApplication->run()
#3 {main}
REQUEST_URI=/
---
